# JRE version: Java(TM) SE Runtime Environment (17.0.10+11) (build 17.0.10+11-LTS-240)
# Java VM: Java HotSpot(TM) 64-Bit Server VM (17.0.10+11-LTS-240, mixed mode, sharing, tiered, compressed oops, compressed class ptrs, g1 gc, windows-amd64)
GC Precious Log:
 CPUs: 8 total, 8 available
 Memory: 7831M
 Large Page Support: Disabled
 NUMA Support: Disabled
 Compressed Oops: Enabled (32-bit)
 Heap Region Size: 1M
 Heap Min Capacity: 8M
 Heap Initial Capacity: 124M
 Heap Max Capacity: 1958M
 Pre-touch: Disabled
 Parallel Workers: 8
 Concurrent Workers: 2
 Concurrent Refinement Workers: 8
 Periodic GC: Disabled
Heap:
 garbage-first heap   total 126976K, used 51205K [0x0000000085a00000, 0x0000000100000000)
  region size 1024K, 38 young (38912K), 4 survivors (4096K)
 Metaspace       used 19273K, committed 19584K, reserved 1114112K
  class space    used 2198K, committed 2368K, reserved 1048576K
GC Heap History (8 events):
Event: 0.536 GC heap before
{Heap before GC invocations=0 (full 0):
 garbage-first heap   total 126976K, used 23552K [0x0000000085a00000, 0x0000000100000000)
  region size 1024K, 23 young (23552K), 0 survivors (0K)
 Metaspace       used 5418K, committed 5632K, reserved 1114112K
  class space    used 655K, committed 768K, reserved 1048576K
}
Event: 0.541 GC heap after
{Heap after GC invocations=1 (full 0):
 garbage-first heap   total 126976K, used 3680K [0x0000000085a00000, 0x0000000100000000)
  region size 1024K, 3 young (3072K), 3 survivors (3072K)
 Metaspace       used 5418K, committed 5632K, reserved 1114112K
  class space    used 655K, committed 768K, reserved 1048576K
}
Event: 1.036 GC heap before
{Heap before GC invocations=1 (full 0):
 garbage-first heap   total 126976K, used 35424K [0x0000000085a00000, 0x0000000100000000)
  region size 1024K, 34 young (34816K), 3 survivors (3072K)
 Metaspace       used 9499K, committed 9600K, reserved 1114112K
  class space    used 1155K, committed 1216K, reserved 1048576K
}
Event: 1.042 GC heap after
{Heap after GC invocations=2 (full 0):
 garbage-first heap   total 126976K, used 5408K [0x0000000085a00000, 0x0000000100000000)
  region size 1024K, 2 young (2048K), 2 survivors (2048K)
 Metaspace       used 9499K, committed 9600K, reserved 1114112K
  class space    used 1155K, committed 1216K, reserved 1048576K
}
Event: 2.089 GC heap before
{Heap before GC invocations=2 (full 0):
 garbage-first heap   total 126976K, used 79136K [0x0000000085a00000, 0x0000000100000000)
  region size 1024K, 74 young (75776K), 2 survivors (2048K)
 Metaspace       used 15642K, committed 15872K, reserved 1114112K
  class space    used 1863K, committed 1920K, reserved 1048576K
}
Event: 2.104 GC heap after
{Heap after GC invocations=3 (full 0):
 garbage-first heap   total 126976K, used 12665K [0x0000000085a00000, 0x0000000100000000)
  region size 1024K, 9 young (9216K), 9 survivors (9216K)
 Metaspace       used 15642K, committed 15872K, reserved 1114112K
  class space    used 1863K, committed 1920K, reserved 1048576K
}
Event: 2.986 GC heap before
{Heap before GC invocations=3 (full 0):
 garbage-first heap   total 126976K, used 108921K [0x0000000085a00000, 0x0000000100000000)
  region size 1024K, 72 young (73728K), 9 survivors (9216K)
 Metaspace       used 17942K, committed 18176K, reserved 1114112K
  class space    used 2059K, committed 2176K, reserved 1048576K
}
Event: 3.005 GC heap after
{Heap after GC invocations=4 (full 0):
 garbage-first heap   total 126976K, used 15365K [0x0000000085a00000, 0x0000000100000000)
  region size 1024K, 4 young (4096K), 4 survivors (4096K)
 Metaspace       used 17942K, committed 18176K, reserved 1114112K
  class space    used 2059K, committed 2176K, reserved 1048576K
}

