# JRE version: Java(TM) SE Runtime Environment (17.0.10+11) (build 17.0.10+11-LTS-240)
# Java VM: Java HotSpot(TM) 64-Bit Server VM (17.0.10+11-LTS-240, mixed mode, sharing, tiered, compressed oops, compressed class ptrs, g1 gc, windows-amd64)
GC Precious Log:
 CPUs: 8 total, 8 available
 Memory: 7831M
 Large Page Support: Disabled
 NUMA Support: Disabled
 Compressed Oops: Enabled (32-bit)
 Heap Region Size: 1M
 Heap Min Capacity: 8M
 Heap Initial Capacity: 124M
 Heap Max Capacity: 1958M
 Pre-touch: Disabled
 Parallel Workers: 8
 Concurrent Workers: 2
 Concurrent Refinement Workers: 8
 Periodic GC: Disabled
Heap:
 garbage-first heap   total 133120K, used 45696K [0x0000000085a00000, 0x0000000100000000)
  region size 1024K, 1 young (1024K), 1 survivors (1024K)
 Metaspace       used 26894K, committed 27200K, reserved 1114112K
  class space    used 3066K, committed 3200K, reserved 1048576K
GC Heap History (17 events):
Event: 2.869 GC heap before
{Heap before GC invocations=0 (full 0):
 garbage-first heap   total 126976K, used 23552K [0x0000000085a00000, 0x0000000100000000)
  region size 1024K, 23 young (23552K), 0 survivors (0K)
 Metaspace       used 5443K, committed 5632K, reserved 1114112K
  class space    used 655K, committed 768K, reserved 1048576K
}
Event: 2.924 GC heap after
{Heap after GC invocations=1 (full 0):
 garbage-first heap   total 126976K, used 3752K [0x0000000085a00000, 0x0000000100000000)
  region size 1024K, 3 young (3072K), 3 survivors (3072K)
 Metaspace       used 5443K, committed 5632K, reserved 1114112K
  class space    used 655K, committed 768K, reserved 1048576K
}
Event: 4.989 GC heap before
{Heap before GC invocations=1 (full 0):
 garbage-first heap   total 126976K, used 33448K [0x0000000085a00000, 0x0000000100000000)
  region size 1024K, 32 young (32768K), 3 survivors (3072K)
 Metaspace       used 9153K, committed 9344K, reserved 1114112K
  class space    used 1110K, committed 1216K, reserved 1048576K
}
Event: 4.999 GC heap after
{Heap after GC invocations=2 (full 0):
 garbage-first heap   total 126976K, used 5547K [0x0000000085a00000, 0x0000000100000000)
  region size 1024K, 2 young (2048K), 2 survivors (2048K)
 Metaspace       used 9153K, committed 9344K, reserved 1114112K
  class space    used 1110K, committed 1216K, reserved 1048576K
}
Event: 12.836 GC heap before
{Heap before GC invocations=2 (full 0):
 garbage-first heap   total 126976K, used 77227K [0x0000000085a00000, 0x0000000100000000)
  region size 1024K, 72 young (73728K), 2 survivors (2048K)
 Metaspace       used 15620K, committed 15872K, reserved 1114112K
  class space    used 1861K, committed 1984K, reserved 1048576K
}
Event: 12.862 GC heap after
{Heap after GC invocations=3 (full 0):
 garbage-first heap   total 126976K, used 12952K [0x0000000085a00000, 0x0000000100000000)
  region size 1024K, 9 young (9216K), 9 survivors (9216K)
 Metaspace       used 15620K, committed 15872K, reserved 1114112K
  class space    used 1861K, committed 1984K, reserved 1048576K
}
Event: 17.181 GC heap before
{Heap before GC invocations=3 (full 0):
 garbage-first heap   total 126976K, used 79512K [0x0000000085a00000, 0x0000000100000000)
  region size 1024K, 74 young (75776K), 9 survivors (9216K)
 Metaspace       used 17692K, committed 17920K, reserved 1114112K
  class space    used 2038K, committed 2176K, reserved 1048576K
}
Event: 17.207 GC heap after
{Heap after GC invocations=4 (full 0):
 garbage-first heap   total 126976K, used 16100K [0x0000000085a00000, 0x0000000100000000)
  region size 1024K, 4 young (4096K), 4 survivors (4096K)
 Metaspace       used 17692K, committed 17920K, reserved 1114112K
  class space    used 2038K, committed 2176K, reserved 1048576K
}
Event: 18.984 GC heap before
{Heap before GC invocations=4 (full 0):
 garbage-first heap   total 126976K, used 36580K [0x0000000085a00000, 0x0000000100000000)
  region size 1024K, 21 young (21504K), 4 survivors (4096K)
 Metaspace       used 21191K, committed 21504K, reserved 1114112K
  class space    used 2489K, committed 2688K, reserved 1048576K
}
Event: 19.005 GC heap after
{Heap after GC invocations=5 (full 0):
 garbage-first heap   total 126976K, used 23460K [0x0000000085a00000, 0x0000000100000000)
  region size 1024K, 8 young (8192K), 8 survivors (8192K)
 Metaspace       used 21191K, committed 21504K, reserved 1114112K
  class space    used 2489K, committed 2688K, reserved 1048576K
}
Event: 20.880 GC heap before
{Heap before GC invocations=6 (full 0):
 garbage-first heap   total 86016K, used 67492K [0x0000000085a00000, 0x0000000100000000)
  region size 1024K, 50 young (51200K), 8 survivors (8192K)
 Metaspace       used 26008K, committed 26304K, reserved 1114112K
  class space    used 3014K, committed 3136K, reserved 1048576K
}
Event: 20.917 GC heap after
{Heap after GC invocations=7 (full 0):
 garbage-first heap   total 92160K, used 38536K [0x0000000085a00000, 0x0000000100000000)
  region size 1024K, 7 young (7168K), 7 survivors (7168K)
 Metaspace       used 26008K, committed 26304K, reserved 1114112K
  class space    used 3014K, committed 3136K, reserved 1048576K
}
Event: 20.927 GC heap before
{Heap before GC invocations=7 (full 0):
 garbage-first heap   total 92160K, used 39560K [0x0000000085a00000, 0x0000000100000000)
  region size 1024K, 8 young (8192K), 7 survivors (7168K)
 Metaspace       used 26008K, committed 26304K, reserved 1114112K
  class space    used 3014K, committed 3136K, reserved 1048576K
}
Event: 20.939 GC heap after
{Heap after GC invocations=8 (full 0):
 garbage-first heap   total 92160K, used 39936K [0x0000000085a00000, 0x0000000100000000)
  region size 1024K, 1 young (1024K), 1 survivors (1024K)
 Metaspace       used 26008K, committed 26304K, reserved 1114112K
  class space    used 3014K, committed 3136K, reserved 1048576K
}
Event: 22.068 GC heap before
{Heap before GC invocations=8 (full 0):
 garbage-first heap   total 92160K, used 67584K [0x0000000085a00000, 0x0000000100000000)
  region size 1024K, 27 young (27648K), 1 survivors (1024K)
 Metaspace       used 26344K, committed 26560K, reserved 1114112K
  class space    used 3019K, committed 3136K, reserved 1048576K
}
Event: 22.081 GC heap after
{Heap after GC invocations=9 (full 0):
 garbage-first heap   total 92160K, used 44608K [0x0000000085a00000, 0x0000000100000000)
  region size 1024K, 4 young (4096K), 4 survivors (4096K)
 Metaspace       used 26344K, committed 26560K, reserved 1114112K
  class space    used 3019K, committed 3136K, reserved 1048576K
}
Event: 22.407 GC heap before
{Heap before GC invocations=9 (full 0):
 garbage-first heap   total 92160K, used 50752K [0x0000000085a00000, 0x0000000100000000)
  region size 1024K, 11 young (11264K), 4 survivors (4096K)
 Metaspace       used 26894K, committed 27200K, reserved 1114112K
  class space    used 3066K, committed 3200K, reserved 1048576K
}

