# JRE version: Java(TM) SE Runtime Environment (17.0.10+11) (build 17.0.10+11-LTS-240)
# Java VM: Java HotSpot(TM) 64-Bit Server VM (17.0.10+11-LTS-240, mixed mode, sharing, tiered, compressed oops, compressed class ptrs, g1 gc, windows-amd64)
GC Precious Log:
 CPUs: 8 total, 8 available
 Memory: 7831M
 Large Page Support: Disabled
 NUMA Support: Disabled
 Compressed Oops: Enabled (32-bit)
 Heap Region Size: 1M
 Heap Min Capacity: 8M
 Heap Initial Capacity: 124M
 Heap Max Capacity: 512M
 Pre-touch: Disabled
 Parallel Workers: 8
 Concurrent Workers: 2
 Concurrent Refinement Workers: 8
 Periodic GC: Disabled
Heap:
 garbage-first heap   total 135168K, used 62464K [0x00000000e0000000, 0x0000000100000000)
  region size 1024K, 3 young (3072K), 3 survivors (3072K)
 Metaspace       used 30483K, committed 30848K, reserved 1114112K
  class space    used 3525K, committed 3712K, reserved 1048576K
GC Heap History (20 events):
Event: 6.466 GC heap after
{Heap after GC invocations=5 (full 0):
 garbage-first heap   total 126976K, used 24327K [0x00000000e0000000, 0x0000000100000000)
  region size 1024K, 9 young (9216K), 9 survivors (9216K)
 Metaspace       used 21208K, committed 21504K, reserved 1114112K
  class space    used 2495K, committed 2624K, reserved 1048576K
}
Event: 7.584 GC heap before
{Heap before GC invocations=6 (full 0):
 garbage-first heap   total 89088K, used 70407K [0x00000000e0000000, 0x0000000100000000)
  region size 1024K, 52 young (53248K), 9 survivors (9216K)
 Metaspace       used 25943K, committed 26240K, reserved 1114112K
  class space    used 3017K, committed 3136K, reserved 1048576K
}
Event: 7.614 GC heap after
{Heap after GC invocations=7 (full 0):
 garbage-first heap   total 95232K, used 39217K [0x00000000e0000000, 0x0000000100000000)
  region size 1024K, 7 young (7168K), 7 survivors (7168K)
 Metaspace       used 25943K, committed 26240K, reserved 1114112K
  class space    used 3017K, committed 3136K, reserved 1048576K
}
Event: 8.310 GC heap before
{Heap before GC invocations=7 (full 0):
 garbage-first heap   total 95232K, used 68913K [0x00000000e0000000, 0x0000000100000000)
  region size 1024K, 35 young (35840K), 7 survivors (7168K)
 Metaspace       used 26869K, committed 27200K, reserved 1114112K
  class space    used 3097K, committed 3264K, reserved 1048576K
}
Event: 8.332 GC heap after
{Heap after GC invocations=8 (full 0):
 garbage-first heap   total 95232K, used 45429K [0x00000000e0000000, 0x0000000100000000)
  region size 1024K, 5 young (5120K), 5 survivors (5120K)
 Metaspace       used 26869K, committed 27200K, reserved 1114112K
  class space    used 3097K, committed 3264K, reserved 1048576K
}
Event: 8.972 GC heap before
{Heap before GC invocations=8 (full 0):
 garbage-first heap   total 95232K, used 68981K [0x00000000e0000000, 0x0000000100000000)
  region size 1024K, 29 young (29696K), 5 survivors (5120K)
 Metaspace       used 28048K, committed 28416K, reserved 1114112K
  class space    used 3235K, committed 3392K, reserved 1048576K
}
Event: 8.977 GC heap after
{Heap after GC invocations=9 (full 0):
 garbage-first heap   total 95232K, used 45834K [0x00000000e0000000, 0x0000000100000000)
  region size 1024K, 1 young (1024K), 1 survivors (1024K)
 Metaspace       used 28048K, committed 28416K, reserved 1114112K
  class space    used 3235K, committed 3392K, reserved 1048576K
}
Event: 9.321 GC heap before
{Heap before GC invocations=9 (full 0):
 garbage-first heap   total 95232K, used 72458K [0x00000000e0000000, 0x0000000100000000)
  region size 1024K, 27 young (27648K), 1 survivors (1024K)
 Metaspace       used 28788K, committed 29120K, reserved 1114112K
  class space    used 3312K, committed 3456K, reserved 1048576K
}
Event: 9.326 GC heap after
{Heap after GC invocations=10 (full 0):
 garbage-first heap   total 95232K, used 45941K [0x00000000e0000000, 0x0000000100000000)
  region size 1024K, 1 young (1024K), 1 survivors (1024K)
 Metaspace       used 28788K, committed 29120K, reserved 1114112K
  class space    used 3312K, committed 3456K, reserved 1048576K
}
Event: 10.036 GC heap before
{Heap before GC invocations=11 (full 0):
 garbage-first heap   total 95232K, used 61301K [0x00000000e0000000, 0x0000000100000000)
  region size 1024K, 17 young (17408K), 1 survivors (1024K)
 Metaspace       used 30190K, committed 30528K, reserved 1114112K
  class space    used 3509K, committed 3648K, reserved 1048576K
}
Event: 10.043 GC heap after
{Heap after GC invocations=12 (full 0):
 garbage-first heap   total 95232K, used 47073K [0x00000000e0000000, 0x0000000100000000)
  region size 1024K, 3 young (3072K), 3 survivors (3072K)
 Metaspace       used 30190K, committed 30528K, reserved 1114112K
  class space    used 3509K, committed 3648K, reserved 1048576K
}
Event: 10.475 GC heap before
{Heap before GC invocations=13 (full 0):
 garbage-first heap   total 95232K, used 58337K [0x00000000e0000000, 0x0000000100000000)
  region size 1024K, 13 young (13312K), 3 survivors (3072K)
 Metaspace       used 30362K, committed 30784K, reserved 1114112K
  class space    used 3523K, committed 3712K, reserved 1048576K
}
Event: 10.484 GC heap after
{Heap after GC invocations=14 (full 0):
 garbage-first heap   total 95232K, used 47840K [0x00000000e0000000, 0x0000000100000000)
  region size 1024K, 3 young (3072K), 3 survivors (3072K)
 Metaspace       used 30362K, committed 30784K, reserved 1114112K
  class space    used 3523K, committed 3712K, reserved 1048576K
}
Event: 10.743 GC heap before
{Heap before GC invocations=15 (full 0):
 garbage-first heap   total 95232K, used 79584K [0x00000000e0000000, 0x0000000100000000)
  region size 1024K, 29 young (29696K), 3 survivors (3072K)
 Metaspace       used 30440K, committed 30848K, reserved 1114112K
  class space    used 3525K, committed 3712K, reserved 1048576K
}
Event: 10.766 GC heap after
{Heap after GC invocations=16 (full 0):
 garbage-first heap   total 97280K, used 66679K [0x00000000e0000000, 0x0000000100000000)
  region size 1024K, 4 young (4096K), 4 survivors (4096K)
 Metaspace       used 30440K, committed 30848K, reserved 1114112K
  class space    used 3525K, committed 3712K, reserved 1048576K
}
Event: 10.769 GC heap before
{Heap before GC invocations=16 (full 0):
 garbage-first heap   total 97280K, used 67703K [0x00000000e0000000, 0x0000000100000000)
  region size 1024K, 5 young (5120K), 4 survivors (4096K)
 Metaspace       used 30440K, committed 30848K, reserved 1114112K
  class space    used 3525K, committed 3712K, reserved 1048576K
}
Event: 10.780 GC heap after
{Heap after GC invocations=17 (full 0):
 garbage-first heap   total 97280K, used 59976K [0x00000000e0000000, 0x0000000100000000)
  region size 1024K, 1 young (1024K), 1 survivors (1024K)
 Metaspace       used 30440K, committed 30848K, reserved 1114112K
  class space    used 3525K, committed 3712K, reserved 1048576K
}
Event: 10.820 GC heap before
{Heap before GC invocations=17 (full 0):
 garbage-first heap   total 97280K, used 64072K [0x00000000e0000000, 0x0000000100000000)
  region size 1024K, 4 young (4096K), 1 survivors (1024K)
 Metaspace       used 30447K, committed 30848K, reserved 1114112K
  class space    used 3525K, committed 3712K, reserved 1048576K
}
Event: 10.831 GC heap after
{Heap after GC invocations=18 (full 0):
 garbage-first heap   total 97280K, used 56832K [0x00000000e0000000, 0x0000000100000000)
  region size 1024K, 1 young (1024K), 1 survivors (1024K)
 Metaspace       used 30447K, committed 30848K, reserved 1114112K
  class space    used 3525K, committed 3712K, reserved 1048576K
}
Event: 11.002 GC heap before
{Heap before GC invocations=18 (full 0):
 garbage-first heap   total 97280K, used 74240K [0x00000000e0000000, 0x0000000100000000)
  region size 1024K, 18 young (18432K), 1 survivors (1024K)
 Metaspace       used 30483K, committed 30848K, reserved 1114112K
  class space    used 3525K, committed 3712K, reserved 1048576K
}

